c:\users\user\documents\yalengine\yalengine\yalengine\x64\debug\vc143.pdb
c:\users\user\documents\yalengine\yalengine\yalengine\x64\debug\vc143.idb
c:\users\user\documents\yalengine\yalengine\yalengine\x64\debug\main.obj
c:\users\user\documents\yalengine\yalengine\yalengine\x64\debug\yalengine.res
c:\users\user\documents\yalengine\yalengine\yalengine\x64\debug\yalengine.ilk
c:\users\user\documents\yalengine\yalengine\x64\debug\yalengine.pdb
c:\users\user\documents\yalengine\yalengine\yalengine\x64\debug\yalengine.tlog\cl.command.1.tlog
c:\users\user\documents\yalengine\yalengine\yalengine\x64\debug\yalengine.tlog\cl.items.tlog
c:\users\user\documents\yalengine\yalengine\yalengine\x64\debug\yalengine.tlog\cl.read.1.tlog
c:\users\user\documents\yalengine\yalengine\yalengine\x64\debug\yalengine.tlog\cl.write.1.tlog
c:\users\user\documents\yalengine\yalengine\yalengine\x64\debug\yalengine.tlog\link-cvtres.read.1.tlog
c:\users\user\documents\yalengine\yalengine\yalengine\x64\debug\yalengine.tlog\link-cvtres.write.1.tlog
c:\users\user\documents\yalengine\yalengine\yalengine\x64\debug\yalengine.tlog\link-rc.read.1.tlog
c:\users\user\documents\yalengine\yalengine\yalengine\x64\debug\yalengine.tlog\link-rc.write.1.tlog
c:\users\user\documents\yalengine\yalengine\yalengine\x64\debug\yalengine.tlog\link.27976-cvtres.read.1.tlog
c:\users\user\documents\yalengine\yalengine\yalengine\x64\debug\yalengine.tlog\link.27976-cvtres.write.1.tlog
c:\users\user\documents\yalengine\yalengine\yalengine\x64\debug\yalengine.tlog\link.27976-rc.read.1.tlog
c:\users\user\documents\yalengine\yalengine\yalengine\x64\debug\yalengine.tlog\link.27976-rc.write.1.tlog
c:\users\user\documents\yalengine\yalengine\yalengine\x64\debug\yalengine.tlog\link.27976.read.1.tlog
c:\users\user\documents\yalengine\yalengine\yalengine\x64\debug\yalengine.tlog\link.27976.read.2.tlog
c:\users\user\documents\yalengine\yalengine\yalengine\x64\debug\yalengine.tlog\link.27976.read.3.tlog
c:\users\user\documents\yalengine\yalengine\yalengine\x64\debug\yalengine.tlog\link.27976.read.4.tlog
c:\users\user\documents\yalengine\yalengine\yalengine\x64\debug\yalengine.tlog\link.27976.write.1.tlog
c:\users\user\documents\yalengine\yalengine\yalengine\x64\debug\yalengine.tlog\link.command.1.tlog
c:\users\user\documents\yalengine\yalengine\yalengine\x64\debug\yalengine.tlog\link.read.1.tlog
c:\users\user\documents\yalengine\yalengine\yalengine\x64\debug\yalengine.tlog\link.read.2.tlog
c:\users\user\documents\yalengine\yalengine\yalengine\x64\debug\yalengine.tlog\link.read.3.tlog
c:\users\user\documents\yalengine\yalengine\yalengine\x64\debug\yalengine.tlog\link.read.4.tlog
c:\users\user\documents\yalengine\yalengine\yalengine\x64\debug\yalengine.tlog\link.secondary.1.tlog
c:\users\user\documents\yalengine\yalengine\yalengine\x64\debug\yalengine.tlog\link.write.1.tlog
c:\users\user\documents\yalengine\yalengine\yalengine\x64\debug\yalengine.tlog\rc.command.1.tlog
c:\users\user\documents\yalengine\yalengine\yalengine\x64\debug\yalengine.tlog\rc.read.1.tlog
c:\users\user\documents\yalengine\yalengine\yalengine\x64\debug\yalengine.tlog\rc.write.1.tlog
